<?xml version="1.0" encoding="UTF-8"?>
<!-- Generated by org.testng.reporters.JUnitReportReporter -->
<testsuite hostname="Lptp088" failures="0" tests="5" name="Assignment.smokeTest" time="12.578" errors="0" timestamp="2020-03-23T00:25:38 PKT" skipped="0">
  <testcase classname="Assignment.smokeTest" name="findPetByStatus" time="2.659"/>
  <testcase classname="Assignment.smokeTest" name="addPet" time="2.532"/>
  <testcase classname="Assignment.smokeTest" name="testDeletePetByid" time="2.401"/>
  <testcase classname="Assignment.smokeTest" name="findPetByid" time="1.193"/>
  <testcase classname="Assignment.smokeTest" name="addPet" time="3.793"/>
</testsuite> <!-- Assignment.smokeTest -->
