<?xml version="1.0" encoding="UTF-8"?>
<!-- Generated by org.testng.reporters.JUnitReportReporter -->
<testsuite hostname="Lptp088" failures="0" tests="5" name="com.apitest.validation.smokeTest" time="7.495" errors="0" timestamp="2020-03-23T02:10:17 PKT" skipped="0">
  <testcase classname="com.apitest.validation.smokeTest" name="addPet" time="3.372"/>
  <testcase classname="com.apitest.validation.smokeTest" name="addPet" time="0.858"/>
  <testcase classname="com.apitest.validation.smokeTest" name="findPetByid" time="0.877"/>
  <testcase classname="com.apitest.validation.smokeTest" name="deletePetByid" time="0.925"/>
  <testcase classname="com.apitest.validation.smokeTest" name="findPetByStatus" time="1.463"/>
</testsuite> <!-- com.apitest.validation.smokeTest -->
